2017-07-13 17:33:24 INFO  OptimusController:138 - Starting Scenario -- generic step example
2017-07-13 17:33:24 INFO  OptimusController:138 - Starting Scenario -- generic step example
2017-07-13 17:34:29 INFO  OptimusController:157 - generic-step-example--driver instance created for HGEPX64G
2017-07-13 17:34:31 INFO  OptimusController:177 - cucumber.runtime.ScenarioImpl@4d157787---BOT registered successfully for -- HGEPX64G
2017-07-13 17:34:33 INFO  OptimusController:157 - generic-step-example--driver instance created for ae544f54
2017-07-13 17:34:36 INFO  OptimusController:177 - cucumber.runtime.ScenarioImpl@54e7391d---BOT registered successfully for -- ae544f54
2017-07-13 17:34:37 INFO  OptimusController:125 - cucumber.runtime.ScenarioImpl@4d157787---The following BOT de-registered successfully -- HGEPX64G
2017-07-13 17:34:42 INFO  OptimusController:125 - cucumber.runtime.ScenarioImpl@54e7391d---The following BOT de-registered successfully -- ae544f54
2017-07-13 17:37:45 INFO  OptimusController:138 - Starting Scenario -- generic step example
2017-07-13 17:37:45 INFO  OptimusController:138 - Starting Scenario -- generic step example
2017-07-13 17:38:27 INFO  OptimusController:157 - generic-step-example--driver instance created for ae544f54
2017-07-13 17:38:29 INFO  OptimusController:177 - cucumber.runtime.ScenarioImpl@63429932---BOT registered successfully for -- ae544f54
2017-07-13 17:38:34 INFO  OptimusController:125 - cucumber.runtime.ScenarioImpl@63429932---The following BOT de-registered successfully -- ae544f54
2017-07-13 17:40:56 INFO  OptimusController:138 - Starting Scenario -- generic step example
2017-07-13 17:40:56 INFO  OptimusController:138 - Starting Scenario -- generic step example
2017-07-13 17:41:28 INFO  OptimusController:157 - generic-step-example--driver instance created for HGEPX64G
2017-07-13 17:41:31 INFO  OptimusController:177 - cucumber.runtime.ScenarioImpl@1ee29c84---BOT registered successfully for -- HGEPX64G
2017-07-13 17:41:36 INFO  OptimusController:157 - generic-step-example--driver instance created for ae544f54
2017-07-13 17:41:38 INFO  OptimusController:177 - cucumber.runtime.ScenarioImpl@77128dab---BOT registered successfully for -- ae544f54
2017-07-13 17:42:48 INFO  OptimusController:125 - cucumber.runtime.ScenarioImpl@1ee29c84---The following BOT de-registered successfully -- HGEPX64G
2017-07-13 17:42:53 INFO  OptimusController:125 - cucumber.runtime.ScenarioImpl@77128dab---The following BOT de-registered successfully -- ae544f54
2017-07-13 17:49:47 INFO  OptimusController:138 - Starting Scenario -- generic step example 2
2017-07-13 17:49:47 INFO  OptimusController:138 - Starting Scenario -- generic step example 2
2017-07-13 17:50:41 INFO  OptimusController:138 - Starting Scenario -- generic step example
2017-07-13 17:50:41 INFO  OptimusController:138 - Starting Scenario -- generic step example
2017-07-13 17:51:13 INFO  OptimusController:157 - generic-step-example--driver instance created for HGEPX64G
2017-07-13 17:51:16 INFO  OptimusController:177 - cucumber.runtime.ScenarioImpl@77128dab---BOT registered successfully for -- HGEPX64G
2017-07-13 17:51:21 INFO  OptimusController:157 - generic-step-example--driver instance created for ae544f54
2017-07-13 17:51:23 INFO  OptimusController:177 - cucumber.runtime.ScenarioImpl@6f012914---BOT registered successfully for -- ae544f54
2017-07-13 17:52:35 INFO  OptimusController:125 - cucumber.runtime.ScenarioImpl@77128dab---The following BOT de-registered successfully -- HGEPX64G
2017-07-13 17:52:38 INFO  OptimusController:125 - cucumber.runtime.ScenarioImpl@6f012914---The following BOT de-registered successfully -- ae544f54
2017-07-13 17:52:40 INFO  OptimusController:138 - Starting Scenario -- generic step example 2
2017-07-13 17:52:43 INFO  OptimusController:138 - Starting Scenario -- generic step example 2
2017-07-13 17:53:09 INFO  OptimusController:157 - generic-step-example-2--driver instance created for HGEPX64G
2017-07-13 17:53:12 INFO  OptimusController:177 - cucumber.runtime.ScenarioImpl@6ea04618---BOT registered successfully for -- HGEPX64G
2017-07-13 17:53:14 INFO  OptimusController:157 - generic-step-example-2--driver instance created for ae544f54
2017-07-13 17:53:17 INFO  OptimusController:177 - cucumber.runtime.ScenarioImpl@6dd82486---BOT registered successfully for -- ae544f54
2017-07-13 17:54:05 INFO  OptimusController:125 - cucumber.runtime.ScenarioImpl@6ea04618---The following BOT de-registered successfully -- HGEPX64G
2017-07-13 17:54:10 INFO  OptimusController:138 - Starting Scenario -- generic step example 3
2017-07-13 17:54:12 INFO  OptimusController:125 - cucumber.runtime.ScenarioImpl@6dd82486---The following BOT de-registered successfully -- ae544f54
2017-07-13 17:54:17 INFO  OptimusController:138 - Starting Scenario -- generic step example 3
2017-07-13 17:54:38 INFO  OptimusController:157 - generic-step-example-3--driver instance created for HGEPX64G
2017-07-13 17:54:40 INFO  OptimusController:177 - cucumber.runtime.ScenarioImpl@1aac188d---BOT registered successfully for -- HGEPX64G
2017-07-13 17:54:51 INFO  OptimusController:157 - generic-step-example-3--driver instance created for ae544f54
2017-07-13 17:54:53 INFO  OptimusController:177 - cucumber.runtime.ScenarioImpl@7026b7ee---BOT registered successfully for -- ae544f54
2017-07-13 17:55:59 INFO  OptimusController:125 - cucumber.runtime.ScenarioImpl@1aac188d---The following BOT de-registered successfully -- HGEPX64G
2017-07-13 17:56:04 INFO  OptimusController:138 - Starting Scenario -- generic step example 4
2017-07-13 17:56:13 INFO  OptimusController:125 - cucumber.runtime.ScenarioImpl@7026b7ee---The following BOT de-registered successfully -- ae544f54
2017-07-13 17:56:18 INFO  OptimusController:138 - Starting Scenario -- generic step example 4
2017-07-13 17:56:33 INFO  OptimusController:157 - generic-step-example-4--driver instance created for HGEPX64G
2017-07-13 17:56:35 INFO  OptimusController:177 - cucumber.runtime.ScenarioImpl@68217d41---BOT registered successfully for -- HGEPX64G
2017-07-13 17:56:52 INFO  OptimusController:157 - generic-step-example-4--driver instance created for ae544f54
2017-07-13 17:56:55 INFO  OptimusController:177 - cucumber.runtime.ScenarioImpl@68217d41---BOT registered successfully for -- ae544f54
2017-07-13 17:57:28 INFO  OptimusController:125 - cucumber.runtime.ScenarioImpl@68217d41---The following BOT de-registered successfully -- HGEPX64G
2017-07-13 17:57:33 INFO  OptimusController:138 - Starting Scenario -- generic step example 5
2017-07-13 17:57:47 INFO  OptimusController:125 - cucumber.runtime.ScenarioImpl@68217d41---The following BOT de-registered successfully -- ae544f54
2017-07-13 17:57:52 INFO  OptimusController:138 - Starting Scenario -- generic step example 5
2017-07-13 17:58:00 INFO  OptimusController:157 - generic-step-example-5--driver instance created for HGEPX64G
2017-07-13 17:58:03 INFO  OptimusController:177 - cucumber.runtime.ScenarioImpl@55e3d6c3---BOT registered successfully for -- HGEPX64G
2017-07-13 17:58:26 INFO  OptimusController:157 - generic-step-example-5--driver instance created for ae544f54
2017-07-13 17:58:29 INFO  OptimusController:177 - cucumber.runtime.ScenarioImpl@30e6a763---BOT registered successfully for -- ae544f54
2017-07-13 17:58:58 INFO  OptimusController:125 - cucumber.runtime.ScenarioImpl@55e3d6c3---The following BOT de-registered successfully -- HGEPX64G
2017-07-13 17:59:24 INFO  OptimusController:125 - cucumber.runtime.ScenarioImpl@30e6a763---The following BOT de-registered successfully -- ae544f54
2017-07-13 18:02:43 INFO  OptimusController:138 - Starting Scenario -- generic step example 2
2017-07-13 18:02:44 INFO  OptimusController:138 - Starting Scenario -- generic step example 2
2017-07-13 18:03:16 INFO  OptimusController:157 - generic-step-example-2--driver instance created for HGEPX64G
2017-07-13 18:03:18 INFO  OptimusController:177 - cucumber.runtime.ScenarioImpl@77128dab---BOT registered successfully for -- HGEPX64G
2017-07-13 18:03:24 INFO  OptimusController:157 - generic-step-example-2--driver instance created for ae544f54
2017-07-13 18:03:26 INFO  OptimusController:177 - cucumber.runtime.ScenarioImpl@69ce2f62---BOT registered successfully for -- ae544f54
2017-07-14 11:08:21 INFO  OptimusController:138 - Starting Scenario -- generic step example
2017-07-14 11:08:54 INFO  OptimusController:157 - generic-step-example--driver instance created for HGEPX64G
2017-07-14 11:08:57 INFO  OptimusController:177 - cucumber.runtime.ScenarioImpl@77128dab---BOT registered successfully for -- HGEPX64G
2017-07-14 11:10:29 INFO  OptimusController:125 - cucumber.runtime.ScenarioImpl@77128dab---The following BOT de-registered successfully -- HGEPX64G
2017-07-14 11:10:34 INFO  OptimusController:138 - Starting Scenario -- generic step example 2
2017-07-14 11:11:03 INFO  OptimusController:157 - generic-step-example-2--driver instance created for HGEPX64G
2017-07-14 11:11:06 INFO  OptimusController:177 - cucumber.runtime.ScenarioImpl@7e00ed0f---BOT registered successfully for -- HGEPX64G
2017-07-14 11:11:45 INFO  OptimusController:125 - cucumber.runtime.ScenarioImpl@7e00ed0f---The following BOT de-registered successfully -- HGEPX64G
2017-07-14 11:11:50 INFO  OptimusController:138 - Starting Scenario -- generic step example 3
2017-07-14 11:12:15 INFO  OptimusController:157 - generic-step-example-3--driver instance created for HGEPX64G
2017-07-14 11:12:18 INFO  OptimusController:177 - cucumber.runtime.ScenarioImpl@642505c7---BOT registered successfully for -- HGEPX64G
2017-07-14 11:13:42 INFO  OptimusController:125 - cucumber.runtime.ScenarioImpl@642505c7---The following BOT de-registered successfully -- HGEPX64G
2017-07-14 11:13:47 INFO  OptimusController:138 - Starting Scenario -- generic step example 4
2017-07-14 11:14:12 INFO  OptimusController:157 - generic-step-example-4--driver instance created for HGEPX64G
2017-07-14 11:14:15 INFO  OptimusController:177 - cucumber.runtime.ScenarioImpl@6428591a---BOT registered successfully for -- HGEPX64G
2017-07-14 11:14:57 INFO  OptimusController:125 - cucumber.runtime.ScenarioImpl@6428591a---The following BOT de-registered successfully -- HGEPX64G
2017-07-14 11:15:02 INFO  OptimusController:138 - Starting Scenario -- generic step example 5
2017-07-14 11:15:27 INFO  OptimusController:157 - generic-step-example-5--driver instance created for HGEPX64G
2017-07-14 11:15:29 INFO  OptimusController:177 - cucumber.runtime.ScenarioImpl@5c1f6d57---BOT registered successfully for -- HGEPX64G
2017-07-14 11:16:24 INFO  OptimusController:138 - Starting Scenario -- generic step example
2017-07-14 11:16:24 INFO  OptimusController:138 - Starting Scenario -- generic step example
2017-07-14 11:16:56 INFO  OptimusController:157 - generic-step-example--driver instance created for HGEPX64G
2017-07-14 11:16:59 INFO  OptimusController:177 - cucumber.runtime.ScenarioImpl@3ff57625---BOT registered successfully for -- HGEPX64G
2017-07-14 11:17:07 INFO  OptimusController:157 - generic-step-example--driver instance created for ae544f54
2017-07-14 11:17:10 INFO  OptimusController:177 - cucumber.runtime.ScenarioImpl@69ce2f62---BOT registered successfully for -- ae544f54
2017-07-14 11:18:17 INFO  OptimusController:125 - cucumber.runtime.ScenarioImpl@3ff57625---The following BOT de-registered successfully -- HGEPX64G
2017-07-14 11:18:22 INFO  OptimusController:138 - Starting Scenario -- generic step example 2
2017-07-14 11:18:23 INFO  OptimusController:125 - cucumber.runtime.ScenarioImpl@69ce2f62---The following BOT de-registered successfully -- ae544f54
2017-07-14 11:18:27 INFO  OptimusController:138 - Starting Scenario -- generic step example 2
2017-07-14 11:18:47 INFO  OptimusController:157 - generic-step-example-2--driver instance created for HGEPX64G
2017-07-14 11:18:50 INFO  OptimusController:177 - cucumber.runtime.ScenarioImpl@3db663d0---BOT registered successfully for -- HGEPX64G
2017-07-14 11:19:00 INFO  OptimusController:157 - generic-step-example-2--driver instance created for ae544f54
2017-07-14 11:19:03 INFO  OptimusController:177 - cucumber.runtime.ScenarioImpl@ad9e63e---BOT registered successfully for -- ae544f54
2017-07-14 11:19:31 INFO  OptimusController:125 - cucumber.runtime.ScenarioImpl@3db663d0---The following BOT de-registered successfully -- HGEPX64G
2017-07-14 11:19:37 INFO  OptimusController:138 - Starting Scenario -- generic step example 3
2017-07-14 11:19:46 INFO  OptimusController:125 - cucumber.runtime.ScenarioImpl@ad9e63e---The following BOT de-registered successfully -- ae544f54
2017-07-14 11:19:51 INFO  OptimusController:138 - Starting Scenario -- generic step example 3
2017-07-14 11:20:02 INFO  OptimusController:157 - generic-step-example-3--driver instance created for HGEPX64G
2017-07-14 11:20:04 INFO  OptimusController:177 - cucumber.runtime.ScenarioImpl@2650f79---BOT registered successfully for -- HGEPX64G
2017-07-14 11:20:24 INFO  OptimusController:157 - generic-step-example-3--driver instance created for ae544f54
2017-07-14 11:20:26 INFO  OptimusController:177 - cucumber.runtime.ScenarioImpl@38af1bf6---BOT registered successfully for -- ae544f54
2017-07-14 11:21:26 INFO  OptimusController:125 - cucumber.runtime.ScenarioImpl@2650f79---The following BOT de-registered successfully -- HGEPX64G
2017-07-14 11:21:31 INFO  OptimusController:138 - Starting Scenario -- generic step example 4
2017-07-14 11:21:46 INFO  OptimusController:125 - cucumber.runtime.ScenarioImpl@38af1bf6---The following BOT de-registered successfully -- ae544f54
2017-07-14 11:21:51 INFO  OptimusController:138 - Starting Scenario -- generic step example 4
2017-07-14 11:21:57 INFO  OptimusController:157 - generic-step-example-4--driver instance created for HGEPX64G
2017-07-14 11:21:59 INFO  OptimusController:177 - cucumber.runtime.ScenarioImpl@4248b963---BOT registered successfully for -- HGEPX64G
2017-07-14 11:22:25 INFO  OptimusController:157 - generic-step-example-4--driver instance created for ae544f54
2017-07-14 11:22:27 INFO  OptimusController:177 - cucumber.runtime.ScenarioImpl@4defd42---BOT registered successfully for -- ae544f54
2017-07-14 11:22:41 INFO  OptimusController:125 - cucumber.runtime.ScenarioImpl@4248b963---The following BOT de-registered successfully -- HGEPX64G
2017-07-14 11:22:46 INFO  OptimusController:138 - Starting Scenario -- generic step example 5
2017-07-14 11:23:08 INFO  OptimusController:125 - cucumber.runtime.ScenarioImpl@4defd42---The following BOT de-registered successfully -- ae544f54
2017-07-14 11:23:11 INFO  OptimusController:157 - generic-step-example-5--driver instance created for HGEPX64G
2017-07-14 11:23:13 INFO  OptimusController:138 - Starting Scenario -- generic step example 5
2017-07-14 11:23:14 INFO  OptimusController:177 - cucumber.runtime.ScenarioImpl@53a665ad---BOT registered successfully for -- HGEPX64G
2017-07-14 11:23:46 INFO  OptimusController:157 - generic-step-example-5--driver instance created for ae544f54
2017-07-14 11:23:48 INFO  OptimusController:177 - cucumber.runtime.ScenarioImpl@4d654825---BOT registered successfully for -- ae544f54
2017-07-14 11:24:08 INFO  OptimusController:125 - cucumber.runtime.ScenarioImpl@53a665ad---The following BOT de-registered successfully -- HGEPX64G
2017-07-14 11:24:43 INFO  OptimusController:125 - cucumber.runtime.ScenarioImpl@4d654825---The following BOT de-registered successfully -- ae544f54
2017-07-14 11:25:48 INFO  OptimusController:138 - Starting Scenario -- generic step example 4
2017-07-14 11:25:48 INFO  OptimusController:138 - Starting Scenario -- generic step example 4
2017-07-14 11:26:23 INFO  OptimusController:157 - generic-step-example-4--driver instance created for HGEPX64G
2017-07-14 11:26:26 INFO  OptimusController:177 - cucumber.runtime.ScenarioImpl@77128dab---BOT registered successfully for -- HGEPX64G
2017-07-14 11:26:31 INFO  OptimusController:157 - generic-step-example-4--driver instance created for ae544f54
2017-07-14 11:26:33 INFO  OptimusController:177 - cucumber.runtime.ScenarioImpl@6f012914---BOT registered successfully for -- ae544f54
2017-07-14 11:27:06 INFO  OptimusController:125 - cucumber.runtime.ScenarioImpl@77128dab---The following BOT de-registered successfully -- HGEPX64G
2017-07-14 11:27:16 INFO  OptimusController:125 - cucumber.runtime.ScenarioImpl@6f012914---The following BOT de-registered successfully -- ae544f54
2017-07-14 11:28:43 INFO  OptimusController:138 - Starting Scenario -- generic step example
2017-07-14 11:28:43 INFO  OptimusController:138 - Starting Scenario -- generic step example
2017-07-14 11:29:24 INFO  OptimusController:157 - generic-step-example--driver instance created for ae544f54
2017-07-14 11:29:26 INFO  OptimusController:177 - cucumber.runtime.ScenarioImpl@6f012914---BOT registered successfully for -- ae544f54
2017-07-14 11:30:40 INFO  OptimusController:125 - cucumber.runtime.ScenarioImpl@6f012914---The following BOT de-registered successfully -- ae544f54
2017-07-14 11:30:45 INFO  OptimusController:138 - Starting Scenario -- generic step example 2
2017-07-14 11:31:17 INFO  OptimusController:157 - generic-step-example-2--driver instance created for ae544f54
2017-07-14 11:31:20 INFO  OptimusController:177 - cucumber.runtime.ScenarioImpl@3b9632d1---BOT registered successfully for -- ae544f54
2017-07-14 11:32:02 INFO  OptimusController:125 - cucumber.runtime.ScenarioImpl@3b9632d1---The following BOT de-registered successfully -- ae544f54
2017-07-14 11:32:06 INFO  OptimusController:138 - Starting Scenario -- generic step example 3
2017-07-14 11:32:39 INFO  OptimusController:157 - generic-step-example-3--driver instance created for ae544f54
2017-07-14 11:32:41 INFO  OptimusController:177 - cucumber.runtime.ScenarioImpl@24b4d544---BOT registered successfully for -- ae544f54
2017-07-14 11:34:01 INFO  OptimusController:125 - cucumber.runtime.ScenarioImpl@24b4d544---The following BOT de-registered successfully -- ae544f54
2017-07-14 11:34:06 INFO  OptimusController:138 - Starting Scenario -- generic step example 4
2017-07-14 11:34:38 INFO  OptimusController:157 - generic-step-example-4--driver instance created for ae544f54
2017-07-14 11:34:41 INFO  OptimusController:177 - cucumber.runtime.ScenarioImpl@5ac6c4f2---BOT registered successfully for -- ae544f54
2017-07-14 11:35:36 INFO  OptimusController:125 - cucumber.runtime.ScenarioImpl@5ac6c4f2---The following BOT de-registered successfully -- ae544f54
2017-07-14 11:35:40 INFO  OptimusController:138 - Starting Scenario -- generic step example 5
2017-07-14 11:36:12 INFO  OptimusController:157 - generic-step-example-5--driver instance created for ae544f54
2017-07-14 11:36:15 INFO  OptimusController:177 - cucumber.runtime.ScenarioImpl@6d7cada5---BOT registered successfully for -- ae544f54
2017-07-14 11:37:11 INFO  OptimusController:125 - cucumber.runtime.ScenarioImpl@6d7cada5---The following BOT de-registered successfully -- ae544f54
2017-07-14 11:39:29 INFO  OptimusController:138 - Starting Scenario -- generic step example
2017-07-14 11:39:29 INFO  OptimusController:138 - Starting Scenario -- generic step example
2017-07-14 11:40:10 INFO  OptimusController:157 - generic-step-example--driver instance created for ae544f54
2017-07-14 11:40:12 INFO  OptimusController:177 - cucumber.runtime.ScenarioImpl@63429932---BOT registered successfully for -- ae544f54
2017-07-14 11:41:08 INFO  OptimusController:138 - Starting Scenario -- generic step example
2017-07-14 11:41:08 INFO  OptimusController:138 - Starting Scenario -- generic step example
2017-07-14 11:41:49 INFO  OptimusController:157 - generic-step-example--driver instance created for ae544f54
2017-07-14 11:41:51 INFO  OptimusController:177 - cucumber.runtime.ScenarioImpl@77128dab---BOT registered successfully for -- ae544f54
2017-07-14 11:42:26 INFO  OptimusController:125 - cucumber.runtime.ScenarioImpl@77128dab---The following BOT de-registered successfully -- ae544f54
2017-07-14 11:42:31 INFO  OptimusController:138 - Starting Scenario -- generic step example 2
2017-07-14 11:43:04 INFO  OptimusController:157 - generic-step-example-2--driver instance created for ae544f54
2017-07-14 11:43:07 INFO  OptimusController:177 - cucumber.runtime.ScenarioImpl@8a98f38---BOT registered successfully for -- ae544f54
2017-07-14 11:43:16 INFO  OptimusController:125 - cucumber.runtime.ScenarioImpl@8a98f38---The following BOT de-registered successfully -- ae544f54
2017-07-14 11:43:21 INFO  OptimusController:138 - Starting Scenario -- generic step example 3
2017-07-14 11:43:59 INFO  OptimusController:157 - generic-step-example-3--driver instance created for ae544f54
2017-07-14 11:44:01 INFO  OptimusController:177 - cucumber.runtime.ScenarioImpl@73437222---BOT registered successfully for -- ae544f54
2017-07-14 11:46:47 INFO  OptimusController:138 - Starting Scenario -- generic step example
2017-07-14 11:46:47 INFO  OptimusController:138 - Starting Scenario -- generic step example
2017-07-14 11:47:19 INFO  OptimusController:157 - generic-step-example--driver instance created for HGEPX64G
2017-07-14 11:47:22 INFO  OptimusController:177 - cucumber.runtime.ScenarioImpl@7c8326a4---BOT registered successfully for -- HGEPX64G
2017-07-14 11:47:29 INFO  OptimusController:157 - generic-step-example--driver instance created for ae544f54
2017-07-14 11:47:31 INFO  OptimusController:177 - cucumber.runtime.ScenarioImpl@c9d82f9---BOT registered successfully for -- ae544f54
2017-07-14 11:48:41 INFO  OptimusController:125 - cucumber.runtime.ScenarioImpl@7c8326a4---The following BOT de-registered successfully -- HGEPX64G
2017-07-14 11:48:46 INFO  OptimusController:138 - Starting Scenario -- generic step example 2
2017-07-14 11:48:53 INFO  OptimusController:125 - cucumber.runtime.ScenarioImpl@c9d82f9---The following BOT de-registered successfully -- ae544f54
2017-07-14 11:48:58 INFO  OptimusController:138 - Starting Scenario -- generic step example 2
2017-07-14 11:49:12 INFO  OptimusController:157 - generic-step-example-2--driver instance created for HGEPX64G
2017-07-14 11:49:15 INFO  OptimusController:177 - cucumber.runtime.ScenarioImpl@3db663d0---BOT registered successfully for -- HGEPX64G
2017-07-14 11:49:37 INFO  OptimusController:157 - generic-step-example-2--driver instance created for ae544f54
2017-07-14 11:49:39 INFO  OptimusController:177 - cucumber.runtime.ScenarioImpl@46731692---BOT registered successfully for -- ae544f54
2017-07-14 11:49:57 INFO  OptimusController:125 - cucumber.runtime.ScenarioImpl@3db663d0---The following BOT de-registered successfully -- HGEPX64G
2017-07-14 11:50:02 INFO  OptimusController:138 - Starting Scenario -- generic step example 3
2017-07-14 11:50:24 INFO  OptimusController:125 - cucumber.runtime.ScenarioImpl@46731692---The following BOT de-registered successfully -- ae544f54
2017-07-14 11:50:28 INFO  OptimusController:157 - generic-step-example-3--driver instance created for HGEPX64G
2017-07-14 11:50:29 INFO  OptimusController:138 - Starting Scenario -- generic step example 3
2017-07-14 11:50:31 INFO  OptimusController:177 - cucumber.runtime.ScenarioImpl@2650f79---BOT registered successfully for -- HGEPX64G
2017-07-14 11:51:07 INFO  OptimusController:157 - generic-step-example-3--driver instance created for ae544f54
2017-07-14 11:51:10 INFO  OptimusController:177 - cucumber.runtime.ScenarioImpl@1846579f---BOT registered successfully for -- ae544f54
2017-07-14 11:51:49 INFO  OptimusController:125 - cucumber.runtime.ScenarioImpl@2650f79---The following BOT de-registered successfully -- HGEPX64G
2017-07-14 11:51:54 INFO  OptimusController:138 - Starting Scenario -- generic step example 4
2017-07-14 11:52:21 INFO  OptimusController:157 - generic-step-example-4--driver instance created for HGEPX64G
2017-07-14 11:52:24 INFO  OptimusController:177 - cucumber.runtime.ScenarioImpl@4248b963---BOT registered successfully for -- HGEPX64G
2017-07-14 11:52:33 INFO  OptimusController:125 - cucumber.runtime.ScenarioImpl@1846579f---The following BOT de-registered successfully -- ae544f54
2017-07-14 11:52:38 INFO  OptimusController:138 - Starting Scenario -- generic step example 4
2017-07-14 11:53:18 INFO  OptimusController:125 - cucumber.runtime.ScenarioImpl@4248b963---The following BOT de-registered successfully -- HGEPX64G
2017-07-14 11:53:18 INFO  OptimusController:157 - generic-step-example-4--driver instance created for ae544f54
2017-07-14 11:53:21 INFO  OptimusController:177 - cucumber.runtime.ScenarioImpl@3abfe845---BOT registered successfully for -- ae544f54
2017-07-14 11:53:23 INFO  OptimusController:138 - Starting Scenario -- generic step example 5
2017-07-14 11:53:49 INFO  OptimusController:157 - generic-step-example-5--driver instance created for HGEPX64G
2017-07-14 11:53:52 INFO  OptimusController:177 - cucumber.runtime.ScenarioImpl@5ac6c4f2---BOT registered successfully for -- HGEPX64G
2017-07-14 11:54:21 INFO  OptimusController:125 - cucumber.runtime.ScenarioImpl@3abfe845---The following BOT de-registered successfully -- ae544f54
2017-07-14 11:54:26 INFO  OptimusController:138 - Starting Scenario -- generic step example 5
2017-07-14 11:55:00 INFO  OptimusController:157 - generic-step-example-5--driver instance created for ae544f54
2017-07-14 11:55:02 INFO  OptimusController:177 - cucumber.runtime.ScenarioImpl@3f9270ed---BOT registered successfully for -- ae544f54
2017-07-14 11:55:08 INFO  OptimusController:125 - cucumber.runtime.ScenarioImpl@5ac6c4f2---The following BOT de-registered successfully -- HGEPX64G
2017-07-14 11:55:54 INFO  OptimusController:125 - cucumber.runtime.ScenarioImpl@3f9270ed---The following BOT de-registered successfully -- ae544f54
2017-07-14 11:58:16 INFO  OptimusController:138 - Starting Scenario -- generic step example 2
2017-07-14 11:58:16 INFO  OptimusController:138 - Starting Scenario -- generic step example 2
2017-07-14 11:58:58 INFO  OptimusController:157 - generic-step-example-2--driver instance created for ae544f54
2017-07-14 11:59:00 INFO  OptimusController:177 - cucumber.runtime.ScenarioImpl@63429932---BOT registered successfully for -- ae544f54
2017-07-14 11:59:53 INFO  OptimusController:125 - cucumber.runtime.ScenarioImpl@63429932---The following BOT de-registered successfully -- ae544f54
2017-07-14 12:01:17 INFO  OptimusController:138 - Starting Scenario -- generic step example
2017-07-14 12:01:17 INFO  OptimusController:138 - Starting Scenario -- generic step example
2017-07-14 12:01:59 INFO  OptimusController:157 - generic-step-example--driver instance created for ae544f54
2017-07-14 12:02:02 INFO  OptimusController:177 - cucumber.runtime.ScenarioImpl@77128dab---BOT registered successfully for -- ae544f54
2017-07-14 12:03:25 INFO  OptimusController:125 - cucumber.runtime.ScenarioImpl@77128dab---The following BOT de-registered successfully -- ae544f54
2017-07-14 12:03:30 INFO  OptimusController:138 - Starting Scenario -- generic step example 2
2017-07-14 12:04:08 INFO  OptimusController:157 - generic-step-example-2--driver instance created for ae544f54
2017-07-14 12:04:10 INFO  OptimusController:177 - cucumber.runtime.ScenarioImpl@33d53216---BOT registered successfully for -- ae544f54
2017-07-14 12:05:06 INFO  OptimusController:125 - cucumber.runtime.ScenarioImpl@33d53216---The following BOT de-registered successfully -- ae544f54
2017-07-14 12:05:11 INFO  OptimusController:138 - Starting Scenario -- generic step example 3
2017-07-14 12:05:48 INFO  OptimusController:157 - generic-step-example-3--driver instance created for ae544f54
2017-07-14 12:05:50 INFO  OptimusController:177 - cucumber.runtime.ScenarioImpl@782bf610---BOT registered successfully for -- ae544f54
2017-07-14 12:07:13 INFO  OptimusController:125 - cucumber.runtime.ScenarioImpl@782bf610---The following BOT de-registered successfully -- ae544f54
2017-07-14 12:07:19 INFO  OptimusController:138 - Starting Scenario -- generic step example 4
2017-07-14 12:07:56 INFO  OptimusController:157 - generic-step-example-4--driver instance created for ae544f54
2017-07-14 12:07:58 INFO  OptimusController:177 - cucumber.runtime.ScenarioImpl@5524b72f---BOT registered successfully for -- ae544f54
2017-07-14 12:08:55 INFO  OptimusController:125 - cucumber.runtime.ScenarioImpl@5524b72f---The following BOT de-registered successfully -- ae544f54
2017-07-14 12:09:00 INFO  OptimusController:138 - Starting Scenario -- generic step example 5
2017-07-14 12:09:38 INFO  OptimusController:157 - generic-step-example-5--driver instance created for ae544f54
2017-07-14 12:09:41 INFO  OptimusController:177 - cucumber.runtime.ScenarioImpl@336880df---BOT registered successfully for -- ae544f54
2017-07-14 12:10:41 INFO  OptimusController:125 - cucumber.runtime.ScenarioImpl@336880df---The following BOT de-registered successfully -- ae544f54
2017-07-14 12:15:34 INFO  OptimusController:138 - Starting Scenario -- generic step example
2017-07-14 12:15:34 INFO  OptimusController:138 - Starting Scenario -- generic step example
2017-07-14 12:16:06 INFO  OptimusController:157 - generic-step-example--driver instance created for HGEPX64G
2017-07-14 12:16:09 INFO  OptimusController:177 - cucumber.runtime.ScenarioImpl@1ee29c84---BOT registered successfully for -- HGEPX64G
2017-07-14 12:16:14 INFO  OptimusController:157 - generic-step-example--driver instance created for ae544f54
2017-07-14 12:16:17 INFO  OptimusController:177 - cucumber.runtime.ScenarioImpl@6f012914---BOT registered successfully for -- ae544f54
2017-07-14 12:17:25 INFO  OptimusController:125 - cucumber.runtime.ScenarioImpl@1ee29c84---The following BOT de-registered successfully -- HGEPX64G
2017-07-14 12:17:30 INFO  OptimusController:138 - Starting Scenario -- generic step example 2
2017-07-14 12:17:31 INFO  OptimusController:125 - cucumber.runtime.ScenarioImpl@6f012914---The following BOT de-registered successfully -- ae544f54
2017-07-14 12:17:36 INFO  OptimusController:138 - Starting Scenario -- generic step example 2
2017-07-14 12:17:56 INFO  OptimusController:157 - generic-step-example-2--driver instance created for HGEPX64G
2017-07-14 12:17:58 INFO  OptimusController:177 - cucumber.runtime.ScenarioImpl@3db663d0---BOT registered successfully for -- HGEPX64G
2017-07-14 12:18:14 INFO  OptimusController:157 - generic-step-example-2--driver instance created for ae544f54
2017-07-14 12:18:17 INFO  OptimusController:177 - cucumber.runtime.ScenarioImpl@64f16277---BOT registered successfully for -- ae544f54
2017-07-14 12:18:49 INFO  OptimusController:125 - cucumber.runtime.ScenarioImpl@3db663d0---The following BOT de-registered successfully -- HGEPX64G
2017-07-14 12:18:54 INFO  OptimusController:138 - Starting Scenario -- generic step example 3
2017-07-14 12:19:09 INFO  OptimusController:125 - cucumber.runtime.ScenarioImpl@64f16277---The following BOT de-registered successfully -- ae544f54
2017-07-14 12:19:14 INFO  OptimusController:138 - Starting Scenario -- generic step example 3
2017-07-14 12:19:20 INFO  OptimusController:157 - generic-step-example-3--driver instance created for HGEPX64G
2017-07-14 12:19:22 INFO  OptimusController:177 - cucumber.runtime.ScenarioImpl@4e17913b---BOT registered successfully for -- HGEPX64G
2017-07-14 12:19:54 INFO  OptimusController:157 - generic-step-example-3--driver instance created for ae544f54
2017-07-14 12:19:56 INFO  OptimusController:177 - cucumber.runtime.ScenarioImpl@1846579f---BOT registered successfully for -- ae544f54
2017-07-14 12:20:41 INFO  OptimusController:125 - cucumber.runtime.ScenarioImpl@4e17913b---The following BOT de-registered successfully -- HGEPX64G
2017-07-14 12:20:46 INFO  OptimusController:138 - Starting Scenario -- generic step example 4
2017-07-14 12:21:14 INFO  OptimusController:125 - cucumber.runtime.ScenarioImpl@1846579f---The following BOT de-registered successfully -- ae544f54
2017-07-14 12:21:15 INFO  OptimusController:157 - generic-step-example-4--driver instance created for HGEPX64G
2017-07-14 12:21:18 INFO  OptimusController:177 - cucumber.runtime.ScenarioImpl@26d96e5---BOT registered successfully for -- HGEPX64G
2017-07-14 12:21:19 INFO  OptimusController:138 - Starting Scenario -- generic step example 4
2017-07-14 12:21:57 INFO  OptimusController:157 - generic-step-example-4--driver instance created for ae544f54
2017-07-14 12:21:59 INFO  OptimusController:177 - cucumber.runtime.ScenarioImpl@3abfe845---BOT registered successfully for -- ae544f54
2017-07-14 12:22:12 INFO  OptimusController:125 - cucumber.runtime.ScenarioImpl@26d96e5---The following BOT de-registered successfully -- HGEPX64G
2017-07-14 12:22:17 INFO  OptimusController:138 - Starting Scenario -- generic step example 5
2017-07-14 12:22:42 INFO  OptimusController:157 - generic-step-example-5--driver instance created for HGEPX64G
2017-07-14 12:22:44 INFO  OptimusController:177 - cucumber.runtime.ScenarioImpl@7a0f244f---BOT registered successfully for -- HGEPX64G
2017-07-14 12:22:54 INFO  OptimusController:125 - cucumber.runtime.ScenarioImpl@3abfe845---The following BOT de-registered successfully -- ae544f54
2017-07-14 12:22:59 INFO  OptimusController:138 - Starting Scenario -- generic step example 5
2017-07-14 12:23:37 INFO  OptimusController:157 - generic-step-example-5--driver instance created for ae544f54
2017-07-14 12:23:40 INFO  OptimusController:177 - cucumber.runtime.ScenarioImpl@40e60ece---BOT registered successfully for -- ae544f54
2017-07-14 12:24:12 INFO  OptimusController:125 - cucumber.runtime.ScenarioImpl@7a0f244f---The following BOT de-registered successfully -- HGEPX64G
2017-07-14 12:24:32 INFO  OptimusController:125 - cucumber.runtime.ScenarioImpl@40e60ece---The following BOT de-registered successfully -- ae544f54
2017-07-14 12:27:53 INFO  OptimusController:138 - Starting Scenario -- generic step example 5
2017-07-14 12:27:53 INFO  OptimusController:138 - Starting Scenario -- generic step example 5
2017-07-14 12:28:35 INFO  OptimusController:157 - generic-step-example-5--driver instance created for ae544f54
2017-07-14 12:28:37 INFO  OptimusController:177 - cucumber.runtime.ScenarioImpl@69ce2f62---BOT registered successfully for -- ae544f54
2017-07-14 12:29:32 INFO  OptimusController:125 - cucumber.runtime.ScenarioImpl@69ce2f62---The following BOT de-registered successfully -- ae544f54
2017-07-14 12:31:13 INFO  OptimusController:138 - Starting Scenario -- generic step example
2017-07-14 12:31:13 INFO  OptimusController:138 - Starting Scenario -- generic step example
2017-07-14 12:31:45 INFO  OptimusController:157 - generic-step-example--driver instance created for HGEPX64G
2017-07-14 12:31:47 INFO  OptimusController:177 - cucumber.runtime.ScenarioImpl@1ee29c84---BOT registered successfully for -- HGEPX64G
2017-07-14 12:31:54 INFO  OptimusController:157 - generic-step-example--driver instance created for ae544f54
2017-07-14 12:31:56 INFO  OptimusController:177 - cucumber.runtime.ScenarioImpl@69ce2f62---BOT registered successfully for -- ae544f54
2017-07-14 12:33:04 INFO  OptimusController:125 - cucumber.runtime.ScenarioImpl@1ee29c84---The following BOT de-registered successfully -- HGEPX64G
2017-07-14 12:33:10 INFO  OptimusController:138 - Starting Scenario -- generic step example 2
2017-07-14 12:33:13 INFO  OptimusController:125 - cucumber.runtime.ScenarioImpl@69ce2f62---The following BOT de-registered successfully -- ae544f54
2017-07-14 12:33:18 INFO  OptimusController:138 - Starting Scenario -- generic step example 2
2017-07-14 12:33:35 INFO  OptimusController:157 - generic-step-example-2--driver instance created for HGEPX64G
2017-07-14 12:33:37 INFO  OptimusController:177 - cucumber.runtime.ScenarioImpl@2de50ee4---BOT registered successfully for -- HGEPX64G
2017-07-14 12:33:56 INFO  OptimusController:157 - generic-step-example-2--driver instance created for ae544f54
2017-07-14 12:33:58 INFO  OptimusController:177 - cucumber.runtime.ScenarioImpl@149c3204---BOT registered successfully for -- ae544f54
2017-07-14 12:34:28 INFO  OptimusController:125 - cucumber.runtime.ScenarioImpl@2de50ee4---The following BOT de-registered successfully -- HGEPX64G
2017-07-14 12:34:33 INFO  OptimusController:138 - Starting Scenario -- generic step example 3
2017-07-14 12:34:49 INFO  OptimusController:125 - cucumber.runtime.ScenarioImpl@149c3204---The following BOT de-registered successfully -- ae544f54
2017-07-14 12:34:54 INFO  OptimusController:138 - Starting Scenario -- generic step example 3
2017-07-14 12:34:58 INFO  OptimusController:157 - generic-step-example-3--driver instance created for HGEPX64G
2017-07-14 12:35:01 INFO  OptimusController:177 - cucumber.runtime.ScenarioImpl@64f16277---BOT registered successfully for -- HGEPX64G
2017-07-14 12:35:32 INFO  OptimusController:157 - generic-step-example-3--driver instance created for ae544f54
2017-07-14 12:35:34 INFO  OptimusController:177 - cucumber.runtime.ScenarioImpl@336880df---BOT registered successfully for -- ae544f54
2017-07-14 12:36:21 INFO  OptimusController:125 - cucumber.runtime.ScenarioImpl@64f16277---The following BOT de-registered successfully -- HGEPX64G
2017-07-14 12:36:26 INFO  OptimusController:138 - Starting Scenario -- generic step example 4
2017-07-14 12:36:51 INFO  OptimusController:157 - generic-step-example-4--driver instance created for HGEPX64G
2017-07-14 12:36:52 INFO  OptimusController:125 - cucumber.runtime.ScenarioImpl@336880df---The following BOT de-registered successfully -- ae544f54
2017-07-14 12:36:53 INFO  OptimusController:177 - cucumber.runtime.ScenarioImpl@1846579f---BOT registered successfully for -- HGEPX64G
2017-07-14 12:36:57 INFO  OptimusController:138 - Starting Scenario -- generic step example 4
2017-07-14 12:37:36 INFO  OptimusController:157 - generic-step-example-4--driver instance created for ae544f54
2017-07-14 12:37:39 INFO  OptimusController:177 - cucumber.runtime.ScenarioImpl@7be7e15---BOT registered successfully for -- ae544f54
2017-07-14 12:37:45 INFO  OptimusController:125 - cucumber.runtime.ScenarioImpl@1846579f---The following BOT de-registered successfully -- HGEPX64G
2017-07-14 12:37:50 INFO  OptimusController:138 - Starting Scenario -- generic step example 5
2017-07-14 12:38:16 INFO  OptimusController:157 - generic-step-example-5--driver instance created for HGEPX64G
2017-07-14 12:38:19 INFO  OptimusController:177 - cucumber.runtime.ScenarioImpl@4248b963---BOT registered successfully for -- HGEPX64G
2017-07-14 12:38:30 INFO  OptimusController:125 - cucumber.runtime.ScenarioImpl@7be7e15---The following BOT de-registered successfully -- ae544f54
2017-07-14 12:38:35 INFO  OptimusController:138 - Starting Scenario -- generic step example 5
2017-07-14 12:39:11 INFO  OptimusController:125 - cucumber.runtime.ScenarioImpl@4248b963---The following BOT de-registered successfully -- HGEPX64G
2017-07-14 12:39:13 INFO  OptimusController:157 - generic-step-example-5--driver instance created for ae544f54
2017-07-14 12:39:15 INFO  OptimusController:177 - cucumber.runtime.ScenarioImpl@72725ee1---BOT registered successfully for -- ae544f54
2017-07-14 12:40:06 INFO  OptimusController:125 - cucumber.runtime.ScenarioImpl@72725ee1---The following BOT de-registered successfully -- ae544f54
2017-07-14 12:45:29 INFO  OptimusController:138 - Starting Scenario -- generic step example
2017-07-14 12:45:29 INFO  OptimusController:138 - Starting Scenario -- generic step example
2017-07-14 12:46:10 INFO  OptimusController:157 - generic-step-example--driver instance created for ae544f54
2017-07-14 12:46:12 INFO  OptimusController:177 - cucumber.runtime.ScenarioImpl@720653c2---BOT registered successfully for -- ae544f54
2017-07-14 12:48:04 INFO  OptimusController:138 - Starting Scenario -- generic step example
2017-07-14 12:48:04 INFO  OptimusController:138 - Starting Scenario -- generic step example
2017-07-14 12:48:30 INFO  OptimusController:138 - Starting Scenario -- generic step example
2017-07-14 12:48:30 INFO  OptimusController:138 - Starting Scenario -- generic step example
2017-07-14 12:49:11 INFO  OptimusController:157 - generic-step-example--driver instance created for ae544f54
2017-07-14 12:49:13 INFO  OptimusController:177 - cucumber.runtime.ScenarioImpl@61533ae---BOT registered successfully for -- ae544f54
2017-07-14 12:50:32 INFO  OptimusController:125 - cucumber.runtime.ScenarioImpl@61533ae---The following BOT de-registered successfully -- ae544f54
2017-07-14 12:50:37 INFO  OptimusController:138 - Starting Scenario -- generic step example 2
2017-07-14 12:51:15 INFO  OptimusController:157 - generic-step-example-2--driver instance created for ae544f54
2017-07-14 12:51:17 INFO  OptimusController:177 - cucumber.runtime.ScenarioImpl@3681037---BOT registered successfully for -- ae544f54
2017-07-14 12:54:10 INFO  OptimusController:138 - Starting Scenario -- generic step example
2017-07-14 12:54:10 INFO  OptimusController:138 - Starting Scenario -- generic step example
2017-07-14 12:54:52 INFO  OptimusController:157 - generic-step-example--driver instance created for ae544f54
2017-07-14 12:54:54 INFO  OptimusController:177 - cucumber.runtime.ScenarioImpl@720653c2---BOT registered successfully for -- ae544f54
2017-07-14 12:56:16 INFO  OptimusController:125 - cucumber.runtime.ScenarioImpl@720653c2---The following BOT de-registered successfully -- ae544f54
2017-07-14 12:56:21 INFO  OptimusController:138 - Starting Scenario -- generic step example 2
2017-07-14 12:56:58 INFO  OptimusController:157 - generic-step-example-2--driver instance created for ae544f54
2017-07-14 12:57:00 INFO  OptimusController:177 - cucumber.runtime.ScenarioImpl@228cea97---BOT registered successfully for -- ae544f54
